# JRE version: Java(TM) SE Runtime Environment (8.0_60-b27) (build 1.8.0_60-b27)
# Java VM: Java HotSpot(TM) 64-Bit Server VM (25.60-b23 mixed mode windows-amd64 compressed oops)
Heap:
 PSYoungGen      total 245760K, used 53944K [0x00000000d6100000, 0x00000000eb480000, 0x0000000100000000)
  eden space 235008K, 18% used [0x00000000d6100000,0x00000000d8b35a28,0x00000000e4680000)
  from space 10752K, 99% used [0x00000000e4680000,0x00000000e50f8790,0x00000000e5100000)
  to   space 13312K, 0% used [0x00000000ea780000,0x00000000ea780000,0x00000000eb480000)
 ParOldGen       total 66560K, used 17090K [0x0000000082200000, 0x0000000086300000, 0x00000000d6100000)
  object space 66560K, 25% used [0x0000000082200000,0x00000000832b08c0,0x0000000086300000)
 Metaspace       used 46111K, capacity 48308K, committed 48472K, reserved 1091584K
  class space    used 5802K, capacity 6196K, committed 6272K, reserved 1048576K
GC Heap History (10 events):
Event: 1.344 GC heap before
{Heap before GC invocations=7 (full 1):
 PSYoungGen      total 138752K, used 5139K [0x00000000d6100000, 0x00000000df100000, 0x0000000100000000)
  eden space 131072K, 0% used [0x00000000d6100000,0x00000000d6100000,0x00000000de100000)
  from space 7680K, 66% used [0x00000000de980000,0x00000000dee84d38,0x00000000df100000)
  to   space 8192K, 0% used [0x00000000de100000,0x00000000de100000,0x00000000de900000)
 ParOldGen       total 86016K, used 4016K [0x0000000082200000, 0x0000000087600000, 0x00000000d6100000)
  object space 86016K, 4% used [0x0000000082200000,0x00000000825ec100,0x0000000087600000)
 Metaspace       used 20605K, capacity 21188K, committed 21248K, reserved 1067008K
  class space    used 2628K, capacity 2770K, committed 2816K, reserved 1048576K
Event: 1.362 GC heap after
Heap after GC invocations=7 (full 1):
 PSYoungGen      total 138752K, used 0K [0x00000000d6100000, 0x00000000df100000, 0x0000000100000000)
  eden space 131072K, 0% used [0x00000000d6100000,0x00000000d6100000,0x00000000de100000)
  from space 7680K, 0% used [0x00000000de980000,0x00000000de980000,0x00000000df100000)
  to   space 8192K, 0% used [0x00000000de100000,0x00000000de100000,0x00000000de900000)
 ParOldGen       total 46592K, used 5432K [0x0000000082200000, 0x0000000084f80000, 0x00000000d6100000)
  object space 46592K, 11% used [0x0000000082200000,0x000000008274e240,0x0000000084f80000)
 Metaspace       used 20603K, capacity 21182K, committed 21248K, reserved 1067008K
  class space    used 2627K, capacity 2769K, committed 2816K, reserved 1048576K
}
Event: 2.345 GC heap before
{Heap before GC invocations=8 (full 1):
 PSYoungGen      total 138752K, used 131072K [0x00000000d6100000, 0x00000000df100000, 0x0000000100000000)
  eden space 131072K, 100% used [0x00000000d6100000,0x00000000de100000,0x00000000de100000)
  from space 7680K, 0% used [0x00000000de980000,0x00000000de980000,0x00000000df100000)
  to   space 8192K, 0% used [0x00000000de100000,0x00000000de100000,0x00000000de900000)
 ParOldGen       total 46592K, used 5432K [0x0000000082200000, 0x0000000084f80000, 0x00000000d6100000)
  object space 46592K, 11% used [0x0000000082200000,0x000000008274e240,0x0000000084f80000)
 Metaspace       used 27006K, capacity 28020K, committed 28160K, reserved 1073152K
  class space    used 3476K, capacity 3714K, committed 3840K, reserved 1048576K
Event: 2.351 GC heap after
Heap after GC invocations=8 (full 1):
 PSYoungGen      total 139264K, used 8184K [0x00000000d6100000, 0x00000000e5b80000, 0x0000000100000000)
  eden space 131072K, 0% used [0x00000000d6100000,0x00000000d6100000,0x00000000de100000)
  from space 8192K, 99% used [0x00000000de100000,0x00000000de8fe1a0,0x00000000de900000)
  to   space 9728K, 0% used [0x00000000e5200000,0x00000000e5200000,0x00000000e5b80000)
 ParOldGen       total 46592K, used 6345K [0x0000000082200000, 0x0000000084f80000, 0x00000000d6100000)
  object space 46592K, 13% used [0x0000000082200000,0x00000000828324e0,0x0000000084f80000)
 Metaspace       used 27006K, capacity 28020K, committed 28160K, reserved 1073152K
  class space    used 3476K, capacity 3714K, committed 3840K, reserved 1048576K
}
Event: 3.145 GC heap before
{Heap before GC invocations=9 (full 1):
 PSYoungGen      total 139264K, used 95042K [0x00000000d6100000, 0x00000000e5b80000, 0x0000000100000000)
  eden space 131072K, 66% used [0x00000000d6100000,0x00000000db5d26c8,0x00000000de100000)
  from space 8192K, 99% used [0x00000000de100000,0x00000000de8fe1a0,0x00000000de900000)
  to   space 9728K, 0% used [0x00000000e5200000,0x00000000e5200000,0x00000000e5b80000)
 ParOldGen       total 46592K, used 6345K [0x0000000082200000, 0x0000000084f80000, 0x00000000d6100000)
  object space 46592K, 13% used [0x0000000082200000,0x00000000828324e0,0x0000000084f80000)
 Metaspace       used 33821K, capacity 35342K, committed 35416K, reserved 1079296K
  class space    used 4381K, capacity 4671K, committed 4736K, reserved 1048576K
Event: 3.151 GC heap after
Heap after GC invocations=9 (full 1):
 PSYoungGen      total 241152K, used 9543K [0x00000000d6100000, 0x00000000e5b80000, 0x0000000100000000)
  eden space 231424K, 0% used [0x00000000d6100000,0x00000000d6100000,0x00000000e4300000)
  from space 9728K, 98% used [0x00000000e5200000,0x00000000e5b51cd8,0x00000000e5b80000)
  to   space 10752K, 0% used [0x00000000e4680000,0x00000000e4680000,0x00000000e5100000)
 ParOldGen       total 46592K, used 6417K [0x0000000082200000, 0x0000000084f80000, 0x00000000d6100000)
  object space 46592K, 13% used [0x0000000082200000,0x00000000828444f0,0x0000000084f80000)
 Metaspace       used 33821K, capacity 35342K, committed 35416K, reserved 1079296K
  class space    used 4381K, capacity 4671K, committed 4736K, reserved 1048576K
}
Event: 3.151 GC heap before
{Heap before GC invocations=10 (full 2):
 PSYoungGen      total 241152K, used 9543K [0x00000000d6100000, 0x00000000e5b80000, 0x0000000100000000)
  eden space 231424K, 0% used [0x00000000d6100000,0x00000000d6100000,0x00000000e4300000)
  from space 9728K, 98% used [0x00000000e5200000,0x00000000e5b51cd8,0x00000000e5b80000)
  to   space 10752K, 0% used [0x00000000e4680000,0x00000000e4680000,0x00000000e5100000)
 ParOldGen       total 46592K, used 6417K [0x0000000082200000, 0x0000000084f80000, 0x00000000d6100000)
  object space 46592K, 13% used [0x0000000082200000,0x00000000828444f0,0x0000000084f80000)
 Metaspace       used 33821K, capacity 35342K, committed 35416K, reserved 1079296K
  class space    used 4381K, capacity 4671K, committed 4736K, reserved 1048576K
Event: 3.195 GC heap after
Heap after GC invocations=10 (full 2):
 PSYoungGen      total 241152K, used 0K [0x00000000d6100000, 0x00000000e5b80000, 0x0000000100000000)
  eden space 231424K, 0% used [0x00000000d6100000,0x00000000d6100000,0x00000000e4300000)
  from space 9728K, 0% used [0x00000000e5200000,0x00000000e5200000,0x00000000e5b80000)
  to   space 10752K, 0% used [0x00000000e4680000,0x00000000e4680000,0x00000000e5100000)
 ParOldGen       total 66560K, used 13690K [0x0000000082200000, 0x0000000086300000, 0x00000000d6100000)
  object space 66560K, 20% used [0x0000000082200000,0x0000000082f5ea08,0x0000000086300000)
 Metaspace       used 33821K, capacity 35342K, committed 35416K, reserved 1079296K
  class space    used 4381K, capacity 4671K, committed 4736K, reserved 1048576K
}
Event: 6.637 GC heap before
{Heap before GC invocations=11 (full 2):
 PSYoungGen      total 241152K, used 231424K [0x00000000d6100000, 0x00000000e5b80000, 0x0000000100000000)
  eden space 231424K, 100% used [0x00000000d6100000,0x00000000e4300000,0x00000000e4300000)
  from space 9728K, 0% used [0x00000000e5200000,0x00000000e5200000,0x00000000e5b80000)
  to   space 10752K, 0% used [0x00000000e4680000,0x00000000e4680000,0x00000000e5100000)
 ParOldGen       total 66560K, used 13690K [0x0000000082200000, 0x0000000086300000, 0x00000000d6100000)
  object space 66560K, 20% used [0x0000000082200000,0x0000000082f5ea08,0x0000000086300000)
 Metaspace       used 44486K, capacity 46582K, committed 46680K, reserved 1089536K
  class space    used 5628K, capacity 6007K, committed 6016K, reserved 1048576K
Event: 6.649 GC heap after
Heap after GC invocations=11 (full 2):
 PSYoungGen      total 245760K, used 10721K [0x00000000d6100000, 0x00000000eb480000, 0x0000000100000000)
  eden space 235008K, 0% used [0x00000000d6100000,0x00000000d6100000,0x00000000e4680000)
  from space 10752K, 99% used [0x00000000e4680000,0x00000000e50f8790,0x00000000e5100000)
  to   space 13312K, 0% used [0x00000000ea780000,0x00000000ea780000,0x00000000eb480000)
 ParOldGen       total 66560K, used 17090K [0x0000000082200000, 0x0000000086300000, 0x00000000d6100000)
  object space 66560K, 25% used [0x0000000082200000,0x00000000832b08c0,0x0000000086300000)
 Metaspace       used 44486K, capacity 46582K, committed 46680K, reserved 1089536K
  class space    used 5628K, capacity 6007K, committed 6016K, reserved 1048576K
}

