# JRE version: Java(TM) SE Runtime Environment (8.0_60-b27) (build 1.8.0_60-b27)
# Java VM: Java HotSpot(TM) 64-Bit Server VM (25.60-b23 mixed mode windows-amd64 compressed oops)
Heap:
 PSYoungGen      total 239104K, used 49410K [0x00000000d6100000, 0x00000000ea200000, 0x0000000100000000)
  eden space 228352K, 16% used [0x00000000d6100000,0x00000000d86c7030,0x00000000e4000000)
  from space 10752K, 99% used [0x00000000e4000000,0x00000000e4a79950,0x00000000e4a80000)
  to   space 13312K, 0% used [0x00000000e9500000,0x00000000e9500000,0x00000000ea200000)
 ParOldGen       total 70656K, used 16948K [0x0000000082200000, 0x0000000086700000, 0x00000000d6100000)
  object space 70656K, 23% used [0x0000000082200000,0x000000008328d3a8,0x0000000086700000)
 Metaspace       used 45804K, capacity 47966K, committed 48216K, reserved 1091584K
  class space    used 5764K, capacity 6155K, committed 6272K, reserved 1048576K
GC Heap History (10 events):
Event: 1.397 GC heap before
{Heap before GC invocations=7 (full 1):
 PSYoungGen      total 138752K, used 5032K [0x00000000d6100000, 0x00000000df100000, 0x0000000100000000)
  eden space 131072K, 0% used [0x00000000d6100000,0x00000000d6100000,0x00000000de100000)
  from space 7680K, 65% used [0x00000000de980000,0x00000000dee6a068,0x00000000df100000)
  to   space 8192K, 0% used [0x00000000de100000,0x00000000de100000,0x00000000de900000)
 ParOldGen       total 86016K, used 3772K [0x0000000082200000, 0x0000000087600000, 0x00000000d6100000)
  object space 86016K, 4% used [0x0000000082200000,0x00000000825af098,0x0000000087600000)
 Metaspace       used 20619K, capacity 21220K, committed 21248K, reserved 1067008K
  class space    used 2636K, capacity 2802K, committed 2816K, reserved 1048576K
Event: 1.418 GC heap after
Heap after GC invocations=7 (full 1):
 PSYoungGen      total 138752K, used 0K [0x00000000d6100000, 0x00000000df100000, 0x0000000100000000)
  eden space 131072K, 0% used [0x00000000d6100000,0x00000000d6100000,0x00000000de100000)
  from space 7680K, 0% used [0x00000000de980000,0x00000000de980000,0x00000000df100000)
  to   space 8192K, 0% used [0x00000000de100000,0x00000000de100000,0x00000000de900000)
 ParOldGen       total 47616K, used 5408K [0x0000000082200000, 0x0000000085080000, 0x00000000d6100000)
  object space 47616K, 11% used [0x0000000082200000,0x0000000082748028,0x0000000085080000)
 Metaspace       used 20617K, capacity 21214K, committed 21248K, reserved 1067008K
  class space    used 2636K, capacity 2801K, committed 2816K, reserved 1048576K
}
Event: 2.344 GC heap before
{Heap before GC invocations=8 (full 1):
 PSYoungGen      total 138752K, used 131072K [0x00000000d6100000, 0x00000000df100000, 0x0000000100000000)
  eden space 131072K, 100% used [0x00000000d6100000,0x00000000de100000,0x00000000de100000)
  from space 7680K, 0% used [0x00000000de980000,0x00000000de980000,0x00000000df100000)
  to   space 8192K, 0% used [0x00000000de100000,0x00000000de100000,0x00000000de900000)
 ParOldGen       total 47616K, used 5408K [0x0000000082200000, 0x0000000085080000, 0x00000000d6100000)
  object space 47616K, 11% used [0x0000000082200000,0x0000000082748028,0x0000000085080000)
 Metaspace       used 27004K, capacity 28020K, committed 28160K, reserved 1073152K
  class space    used 3479K, capacity 3714K, committed 3840K, reserved 1048576K
Event: 2.351 GC heap after
Heap after GC invocations=8 (full 1):
 PSYoungGen      total 139264K, used 8162K [0x00000000d6100000, 0x00000000e5500000, 0x0000000100000000)
  eden space 131072K, 0% used [0x00000000d6100000,0x00000000d6100000,0x00000000de100000)
  from space 8192K, 99% used [0x00000000de100000,0x00000000de8f8a18,0x00000000de900000)
  to   space 9728K, 0% used [0x00000000e4b80000,0x00000000e4b80000,0x00000000e5500000)
 ParOldGen       total 47616K, used 6498K [0x0000000082200000, 0x0000000085080000, 0x00000000d6100000)
  object space 47616K, 13% used [0x0000000082200000,0x00000000828589e8,0x0000000085080000)
 Metaspace       used 27004K, capacity 28020K, committed 28160K, reserved 1073152K
  class space    used 3479K, capacity 3714K, committed 3840K, reserved 1048576K
}
Event: 3.184 GC heap before
{Heap before GC invocations=9 (full 1):
 PSYoungGen      total 139264K, used 97240K [0x00000000d6100000, 0x00000000e5500000, 0x0000000100000000)
  eden space 131072K, 67% used [0x00000000d6100000,0x00000000db7fd5f8,0x00000000de100000)
  from space 8192K, 99% used [0x00000000de100000,0x00000000de8f8a18,0x00000000de900000)
  to   space 9728K, 0% used [0x00000000e4b80000,0x00000000e4b80000,0x00000000e5500000)
 ParOldGen       total 47616K, used 6498K [0x0000000082200000, 0x0000000085080000, 0x00000000d6100000)
  object space 47616K, 13% used [0x0000000082200000,0x00000000828589e8,0x0000000085080000)
 Metaspace       used 33833K, capacity 35342K, committed 35416K, reserved 1079296K
  class space    used 4376K, capacity 4671K, committed 4736K, reserved 1048576K
Event: 3.192 GC heap after
Heap after GC invocations=9 (full 1):
 PSYoungGen      total 234496K, used 9482K [0x00000000d6100000, 0x00000000e5500000, 0x0000000100000000)
  eden space 224768K, 0% used [0x00000000d6100000,0x00000000d6100000,0x00000000e3c80000)
  from space 9728K, 97% used [0x00000000e4b80000,0x00000000e54c2868,0x00000000e5500000)
  to   space 10752K, 0% used [0x00000000e4000000,0x00000000e4000000,0x00000000e4a80000)
 ParOldGen       total 47616K, used 6570K [0x0000000082200000, 0x0000000085080000, 0x00000000d6100000)
  object space 47616K, 13% used [0x0000000082200000,0x000000008286a9f8,0x0000000085080000)
 Metaspace       used 33833K, capacity 35342K, committed 35416K, reserved 1079296K
  class space    used 4376K, capacity 4671K, committed 4736K, reserved 1048576K
}
Event: 3.192 GC heap before
{Heap before GC invocations=10 (full 2):
 PSYoungGen      total 234496K, used 9482K [0x00000000d6100000, 0x00000000e5500000, 0x0000000100000000)
  eden space 224768K, 0% used [0x00000000d6100000,0x00000000d6100000,0x00000000e3c80000)
  from space 9728K, 97% used [0x00000000e4b80000,0x00000000e54c2868,0x00000000e5500000)
  to   space 10752K, 0% used [0x00000000e4000000,0x00000000e4000000,0x00000000e4a80000)
 ParOldGen       total 47616K, used 6570K [0x0000000082200000, 0x0000000085080000, 0x00000000d6100000)
  object space 47616K, 13% used [0x0000000082200000,0x000000008286a9f8,0x0000000085080000)
 Metaspace       used 33833K, capacity 35342K, committed 35416K, reserved 1079296K
  class space    used 4376K, capacity 4671K, committed 4736K, reserved 1048576K
Event: 3.244 GC heap after
Heap after GC invocations=10 (full 2):
 PSYoungGen      total 234496K, used 0K [0x00000000d6100000, 0x00000000e5500000, 0x0000000100000000)
  eden space 224768K, 0% used [0x00000000d6100000,0x00000000d6100000,0x00000000e3c80000)
  from space 9728K, 0% used [0x00000000e4b80000,0x00000000e4b80000,0x00000000e5500000)
  to   space 10752K, 0% used [0x00000000e4000000,0x00000000e4000000,0x00000000e4a80000)
 ParOldGen       total 70656K, used 13626K [0x0000000082200000, 0x0000000086700000, 0x00000000d6100000)
  object space 70656K, 19% used [0x0000000082200000,0x0000000082f4e980,0x0000000086700000)
 Metaspace       used 33833K, capacity 35342K, committed 35416K, reserved 1079296K
  class space    used 4376K, capacity 4671K, committed 4736K, reserved 1048576K
}
Event: 7.671 GC heap before
{Heap before GC invocations=11 (full 2):
 PSYoungGen      total 234496K, used 224768K [0x00000000d6100000, 0x00000000e5500000, 0x0000000100000000)
  eden space 224768K, 100% used [0x00000000d6100000,0x00000000e3c80000,0x00000000e3c80000)
  from space 9728K, 0% used [0x00000000e4b80000,0x00000000e4b80000,0x00000000e5500000)
  to   space 10752K, 0% used [0x00000000e4000000,0x00000000e4000000,0x00000000e4a80000)
 ParOldGen       total 70656K, used 13626K [0x0000000082200000, 0x0000000086700000, 0x00000000d6100000)
  object space 70656K, 19% used [0x0000000082200000,0x0000000082f4e980,0x0000000086700000)
 Metaspace       used 44458K, capacity 46562K, committed 46680K, reserved 1089536K
  class space    used 5624K, capacity 5979K, committed 6016K, reserved 1048576K
Event: 7.683 GC heap after
Heap after GC invocations=11 (full 2):
 PSYoungGen      total 239104K, used 10726K [0x00000000d6100000, 0x00000000ea200000, 0x0000000100000000)
  eden space 228352K, 0% used [0x00000000d6100000,0x00000000d6100000,0x00000000e4000000)
  from space 10752K, 99% used [0x00000000e4000000,0x00000000e4a79950,0x00000000e4a80000)
  to   space 13312K, 0% used [0x00000000e9500000,0x00000000e9500000,0x00000000ea200000)
 ParOldGen       total 70656K, used 16948K [0x0000000082200000, 0x0000000086700000, 0x00000000d6100000)
  object space 70656K, 23% used [0x0000000082200000,0x000000008328d3a8,0x0000000086700000)
 Metaspace       used 44458K, capacity 46562K, committed 46680K, reserved 1089536K
  class space    used 5624K, capacity 5979K, committed 6016K, reserved 1048576K
}

