# JRE version: Java(TM) SE Runtime Environment (8.0_60-b27) (build 1.8.0_60-b27)
# Java VM: Java HotSpot(TM) 64-Bit Server VM (25.60-b23 mixed mode windows-amd64 compressed oops)
Heap:
 PSYoungGen      total 243712K, used 43002K [0x00000000d6100000, 0x00000000ea880000, 0x0000000100000000)
  eden space 232960K, 13% used [0x00000000d6100000,0x00000000d80832b8,0x00000000e4480000)
  from space 10752K, 99% used [0x00000000e4480000,0x00000000e4efb5f8,0x00000000e4f00000)
  to   space 13824K, 0% used [0x00000000e9b00000,0x00000000e9b00000,0x00000000ea880000)
 ParOldGen       total 69120K, used 17319K [0x0000000082200000, 0x0000000086580000, 0x00000000d6100000)
  object space 69120K, 25% used [0x0000000082200000,0x00000000832e9de0,0x0000000086580000)
 Metaspace       used 45810K, capacity 48034K, committed 48216K, reserved 1091584K
  class space    used 5764K, capacity 6155K, committed 6272K, reserved 1048576K
GC Heap History (10 events):
Event: 1.301 GC heap before
{Heap before GC invocations=7 (full 1):
 PSYoungGen      total 138752K, used 4973K [0x00000000d6100000, 0x00000000df100000, 0x0000000100000000)
  eden space 131072K, 0% used [0x00000000d6100000,0x00000000d6100000,0x00000000de100000)
  from space 7680K, 64% used [0x00000000de980000,0x00000000dee5b4f8,0x00000000df100000)
  to   space 8192K, 0% used [0x00000000de100000,0x00000000de100000,0x00000000de900000)
 ParOldGen       total 86016K, used 4175K [0x0000000082200000, 0x0000000087600000, 0x00000000d6100000)
  object space 86016K, 4% used [0x0000000082200000,0x0000000082613c30,0x0000000087600000)
 Metaspace       used 20563K, capacity 21220K, committed 21248K, reserved 1067008K
  class space    used 2632K, capacity 2802K, committed 2816K, reserved 1048576K
Event: 1.323 GC heap after
Heap after GC invocations=7 (full 1):
 PSYoungGen      total 138752K, used 0K [0x00000000d6100000, 0x00000000df100000, 0x0000000100000000)
  eden space 131072K, 0% used [0x00000000d6100000,0x00000000d6100000,0x00000000de100000)
  from space 7680K, 0% used [0x00000000de980000,0x00000000de980000,0x00000000df100000)
  to   space 8192K, 0% used [0x00000000de100000,0x00000000de100000,0x00000000de900000)
 ParOldGen       total 46592K, used 5340K [0x0000000082200000, 0x0000000084f80000, 0x00000000d6100000)
  object space 46592K, 11% used [0x0000000082200000,0x0000000082737178,0x0000000084f80000)
 Metaspace       used 20561K, capacity 21214K, committed 21248K, reserved 1067008K
  class space    used 2631K, capacity 2801K, committed 2816K, reserved 1048576K
}
Event: 2.237 GC heap before
{Heap before GC invocations=8 (full 1):
 PSYoungGen      total 138752K, used 131072K [0x00000000d6100000, 0x00000000df100000, 0x0000000100000000)
  eden space 131072K, 100% used [0x00000000d6100000,0x00000000de100000,0x00000000de100000)
  from space 7680K, 0% used [0x00000000de980000,0x00000000de980000,0x00000000df100000)
  to   space 8192K, 0% used [0x00000000de100000,0x00000000de100000,0x00000000de900000)
 ParOldGen       total 46592K, used 5340K [0x0000000082200000, 0x0000000084f80000, 0x00000000d6100000)
  object space 46592K, 11% used [0x0000000082200000,0x0000000082737178,0x0000000084f80000)
 Metaspace       used 26941K, capacity 28016K, committed 28160K, reserved 1073152K
  class space    used 3474K, capacity 3714K, committed 3840K, reserved 1048576K
Event: 2.244 GC heap after
Heap after GC invocations=8 (full 1):
 PSYoungGen      total 139264K, used 8180K [0x00000000d6100000, 0x00000000e5980000, 0x0000000100000000)
  eden space 131072K, 0% used [0x00000000d6100000,0x00000000d6100000,0x00000000de100000)
  from space 8192K, 99% used [0x00000000de100000,0x00000000de8fd300,0x00000000de900000)
  to   space 9728K, 0% used [0x00000000e5000000,0x00000000e5000000,0x00000000e5980000)
 ParOldGen       total 46592K, used 6348K [0x0000000082200000, 0x0000000084f80000, 0x00000000d6100000)
  object space 46592K, 13% used [0x0000000082200000,0x00000000828332b0,0x0000000084f80000)
 Metaspace       used 26941K, capacity 28016K, committed 28160K, reserved 1073152K
  class space    used 3474K, capacity 3714K, committed 3840K, reserved 1048576K
}
Event: 3.083 GC heap before
{Heap before GC invocations=9 (full 1):
 PSYoungGen      total 139264K, used 97032K [0x00000000d6100000, 0x00000000e5980000, 0x0000000100000000)
  eden space 131072K, 67% used [0x00000000d6100000,0x00000000db7c4ec8,0x00000000de100000)
  from space 8192K, 99% used [0x00000000de100000,0x00000000de8fd300,0x00000000de900000)
  to   space 9728K, 0% used [0x00000000e5000000,0x00000000e5000000,0x00000000e5980000)
 ParOldGen       total 46592K, used 6348K [0x0000000082200000, 0x0000000084f80000, 0x00000000d6100000)
  object space 46592K, 13% used [0x0000000082200000,0x00000000828332b0,0x0000000084f80000)
 Metaspace       used 33830K, capacity 35346K, committed 35416K, reserved 1079296K
  class space    used 4377K, capacity 4671K, committed 4736K, reserved 1048576K
Event: 3.093 GC heap after
Heap after GC invocations=9 (full 1):
 PSYoungGen      total 239104K, used 9488K [0x00000000d6100000, 0x00000000e5980000, 0x0000000100000000)
  eden space 229376K, 0% used [0x00000000d6100000,0x00000000d6100000,0x00000000e4100000)
  from space 9728K, 97% used [0x00000000e5000000,0x00000000e59440c8,0x00000000e5980000)
  to   space 10752K, 0% used [0x00000000e4480000,0x00000000e4480000,0x00000000e4f00000)
 ParOldGen       total 46592K, used 6420K [0x0000000082200000, 0x0000000084f80000, 0x00000000d6100000)
  object space 46592K, 13% used [0x0000000082200000,0x00000000828452c0,0x0000000084f80000)
 Metaspace       used 33830K, capacity 35346K, committed 35416K, reserved 1079296K
  class space    used 4377K, capacity 4671K, committed 4736K, reserved 1048576K
}
Event: 3.093 GC heap before
{Heap before GC invocations=10 (full 2):
 PSYoungGen      total 239104K, used 9488K [0x00000000d6100000, 0x00000000e5980000, 0x0000000100000000)
  eden space 229376K, 0% used [0x00000000d6100000,0x00000000d6100000,0x00000000e4100000)
  from space 9728K, 97% used [0x00000000e5000000,0x00000000e59440c8,0x00000000e5980000)
  to   space 10752K, 0% used [0x00000000e4480000,0x00000000e4480000,0x00000000e4f00000)
 ParOldGen       total 46592K, used 6420K [0x0000000082200000, 0x0000000084f80000, 0x00000000d6100000)
  object space 46592K, 13% used [0x0000000082200000,0x00000000828452c0,0x0000000084f80000)
 Metaspace       used 33830K, capacity 35346K, committed 35416K, reserved 1079296K
  class space    used 4377K, capacity 4671K, committed 4736K, reserved 1048576K
Event: 3.169 GC heap after
Heap after GC invocations=10 (full 2):
 PSYoungGen      total 239104K, used 0K [0x00000000d6100000, 0x00000000e5980000, 0x0000000100000000)
  eden space 229376K, 0% used [0x00000000d6100000,0x00000000d6100000,0x00000000e4100000)
  from space 9728K, 0% used [0x00000000e5000000,0x00000000e5000000,0x00000000e5980000)
  to   space 10752K, 0% used [0x00000000e4480000,0x00000000e4480000,0x00000000e4f00000)
 ParOldGen       total 69120K, used 13676K [0x0000000082200000, 0x0000000086580000, 0x00000000d6100000)
  object space 69120K, 19% used [0x0000000082200000,0x0000000082f5b2a0,0x0000000086580000)
 Metaspace       used 33830K, capacity 35346K, committed 35416K, reserved 1079296K
  class space    used 4377K, capacity 4671K, committed 4736K, reserved 1048576K
}
Event: 6.927 GC heap before
{Heap before GC invocations=11 (full 2):
 PSYoungGen      total 239104K, used 229376K [0x00000000d6100000, 0x00000000e5980000, 0x0000000100000000)
  eden space 229376K, 100% used [0x00000000d6100000,0x00000000e4100000,0x00000000e4100000)
  from space 9728K, 0% used [0x00000000e5000000,0x00000000e5000000,0x00000000e5980000)
  to   space 10752K, 0% used [0x00000000e4480000,0x00000000e4480000,0x00000000e4f00000)
 ParOldGen       total 69120K, used 13676K [0x0000000082200000, 0x0000000086580000, 0x00000000d6100000)
  object space 69120K, 19% used [0x0000000082200000,0x0000000082f5b2a0,0x0000000086580000)
 Metaspace       used 44888K, capacity 47038K, committed 47320K, reserved 1091584K
  class space    used 5665K, capacity 6047K, committed 6144K, reserved 1048576K
Event: 6.938 GC heap after
Heap after GC invocations=11 (full 2):
 PSYoungGen      total 243712K, used 10733K [0x00000000d6100000, 0x00000000ea880000, 0x0000000100000000)
  eden space 232960K, 0% used [0x00000000d6100000,0x00000000d6100000,0x00000000e4480000)
  from space 10752K, 99% used [0x00000000e4480000,0x00000000e4efb5f8,0x00000000e4f00000)
  to   space 13824K, 0% used [0x00000000e9b00000,0x00000000e9b00000,0x00000000ea880000)
 ParOldGen       total 69120K, used 17319K [0x0000000082200000, 0x0000000086580000, 0x00000000d6100000)
  object space 69120K, 25% used [0x0000000082200000,0x00000000832e9de0,0x0000000086580000)
 Metaspace       used 44888K, capacity 47038K, committed 47320K, reserved 1091584K
  class space    used 5665K, capacity 6047K, committed 6144K, reserved 1048576K
}

