# JRE version: Java(TM) SE Runtime Environment (8.0_60-b27) (build 1.8.0_60-b27)
# Java VM: Java HotSpot(TM) 64-Bit Server VM (25.60-b23 mixed mode windows-amd64 compressed oops)
Heap:
 PSYoungGen      total 247808K, used 38132K [0x00000000d6100000, 0x00000000eb680000, 0x0000000100000000)
  eden space 237056K, 11% used [0x00000000d6100000,0x00000000d7bbf940,0x00000000e4880000)
  from space 10752K, 99% used [0x00000000e4880000,0x00000000e52fd908,0x00000000e5300000)
  to   space 13824K, 0% used [0x00000000ea900000,0x00000000ea900000,0x00000000eb680000)
 ParOldGen       total 66560K, used 18060K [0x0000000082200000, 0x0000000086300000, 0x00000000d6100000)
  object space 66560K, 27% used [0x0000000082200000,0x00000000833a3140,0x0000000086300000)
 Metaspace       used 45246K, capacity 47382K, committed 47576K, reserved 1091584K
  class space    used 5684K, capacity 6063K, committed 6144K, reserved 1048576K
GC Heap History (10 events):
Event: 1.438 GC heap before
{Heap before GC invocations=7 (full 1):
 PSYoungGen      total 139264K, used 5003K [0x00000000d6100000, 0x00000000df100000, 0x0000000100000000)
  eden space 131072K, 0% used [0x00000000d6100000,0x00000000d6100000,0x00000000de100000)
  from space 8192K, 61% used [0x00000000de900000,0x00000000dede2ca0,0x00000000df100000)
  to   space 8192K, 0% used [0x00000000de100000,0x00000000de100000,0x00000000de900000)
 ParOldGen       total 86016K, used 3618K [0x0000000082200000, 0x0000000087600000, 0x00000000d6100000)
  object space 86016K, 4% used [0x0000000082200000,0x00000000825888c8,0x0000000087600000)
 Metaspace       used 20577K, capacity 21210K, committed 21248K, reserved 1067008K
  class space    used 2624K, capacity 2801K, committed 2816K, reserved 1048576K
Event: 1.456 GC heap after
Heap after GC invocations=7 (full 1):
 PSYoungGen      total 139264K, used 0K [0x00000000d6100000, 0x00000000df100000, 0x0000000100000000)
  eden space 131072K, 0% used [0x00000000d6100000,0x00000000d6100000,0x00000000de100000)
  from space 8192K, 0% used [0x00000000de900000,0x00000000de900000,0x00000000df100000)
  to   space 8192K, 0% used [0x00000000de100000,0x00000000de100000,0x00000000de900000)
 ParOldGen       total 45568K, used 5333K [0x0000000082200000, 0x0000000084e80000, 0x00000000d6100000)
  object space 45568K, 11% used [0x0000000082200000,0x00000000827357a0,0x0000000084e80000)
 Metaspace       used 20575K, capacity 21204K, committed 21248K, reserved 1067008K
  class space    used 2624K, capacity 2800K, committed 2816K, reserved 1048576K
}
Event: 2.451 GC heap before
{Heap before GC invocations=8 (full 1):
 PSYoungGen      total 139264K, used 131072K [0x00000000d6100000, 0x00000000df100000, 0x0000000100000000)
  eden space 131072K, 100% used [0x00000000d6100000,0x00000000de100000,0x00000000de100000)
  from space 8192K, 0% used [0x00000000de900000,0x00000000de900000,0x00000000df100000)
  to   space 8192K, 0% used [0x00000000de100000,0x00000000de100000,0x00000000de900000)
 ParOldGen       total 45568K, used 5333K [0x0000000082200000, 0x0000000084e80000, 0x00000000d6100000)
  object space 45568K, 11% used [0x0000000082200000,0x00000000827357a0,0x0000000084e80000)
 Metaspace       used 26955K, capacity 28044K, committed 28416K, reserved 1073152K
  class space    used 3478K, capacity 3722K, committed 3840K, reserved 1048576K
Event: 2.459 GC heap after
Heap after GC invocations=8 (full 1):
 PSYoungGen      total 139264K, used 8190K [0x00000000d6100000, 0x00000000e5d80000, 0x0000000100000000)
  eden space 131072K, 0% used [0x00000000d6100000,0x00000000d6100000,0x00000000de100000)
  from space 8192K, 99% used [0x00000000de100000,0x00000000de8ffad0,0x00000000de900000)
  to   space 9728K, 0% used [0x00000000e5400000,0x00000000e5400000,0x00000000e5d80000)
 ParOldGen       total 45568K, used 6433K [0x0000000082200000, 0x0000000084e80000, 0x00000000d6100000)
  object space 45568K, 14% used [0x0000000082200000,0x0000000082848658,0x0000000084e80000)
 Metaspace       used 26955K, capacity 28044K, committed 28416K, reserved 1073152K
  class space    used 3478K, capacity 3722K, committed 3840K, reserved 1048576K
}
Event: 3.370 GC heap before
{Heap before GC invocations=9 (full 1):
 PSYoungGen      total 139264K, used 94058K [0x00000000d6100000, 0x00000000e5d80000, 0x0000000100000000)
  eden space 131072K, 65% used [0x00000000d6100000,0x00000000db4daea8,0x00000000de100000)
  from space 8192K, 99% used [0x00000000de100000,0x00000000de8ffad0,0x00000000de900000)
  to   space 9728K, 0% used [0x00000000e5400000,0x00000000e5400000,0x00000000e5d80000)
 ParOldGen       total 45568K, used 6433K [0x0000000082200000, 0x0000000084e80000, 0x00000000d6100000)
  object space 45568K, 14% used [0x0000000082200000,0x0000000082848658,0x0000000084e80000)
 Metaspace       used 33771K, capacity 35310K, committed 35416K, reserved 1079296K
  class space    used 4368K, capacity 4665K, committed 4736K, reserved 1048576K
Event: 3.378 GC heap after
Heap after GC invocations=9 (full 1):
 PSYoungGen      total 244224K, used 9524K [0x00000000d6100000, 0x00000000e5d80000, 0x0000000100000000)
  eden space 234496K, 0% used [0x00000000d6100000,0x00000000d6100000,0x00000000e4600000)
  from space 9728K, 97% used [0x00000000e5400000,0x00000000e5d4d0d0,0x00000000e5d80000)
  to   space 10752K, 0% used [0x00000000e4880000,0x00000000e4880000,0x00000000e5300000)
 ParOldGen       total 45568K, used 6505K [0x0000000082200000, 0x0000000084e80000, 0x00000000d6100000)
  object space 45568K, 14% used [0x0000000082200000,0x000000008285a668,0x0000000084e80000)
 Metaspace       used 33771K, capacity 35310K, committed 35416K, reserved 1079296K
  class space    used 4368K, capacity 4665K, committed 4736K, reserved 1048576K
}
Event: 3.378 GC heap before
{Heap before GC invocations=10 (full 2):
 PSYoungGen      total 244224K, used 9524K [0x00000000d6100000, 0x00000000e5d80000, 0x0000000100000000)
  eden space 234496K, 0% used [0x00000000d6100000,0x00000000d6100000,0x00000000e4600000)
  from space 9728K, 97% used [0x00000000e5400000,0x00000000e5d4d0d0,0x00000000e5d80000)
  to   space 10752K, 0% used [0x00000000e4880000,0x00000000e4880000,0x00000000e5300000)
 ParOldGen       total 45568K, used 6505K [0x0000000082200000, 0x0000000084e80000, 0x00000000d6100000)
  object space 45568K, 14% used [0x0000000082200000,0x000000008285a668,0x0000000084e80000)
 Metaspace       used 33771K, capacity 35310K, committed 35416K, reserved 1079296K
  class space    used 4368K, capacity 4665K, committed 4736K, reserved 1048576K
Event: 3.436 GC heap after
Heap after GC invocations=10 (full 2):
 PSYoungGen      total 244224K, used 0K [0x00000000d6100000, 0x00000000e5d80000, 0x0000000100000000)
  eden space 234496K, 0% used [0x00000000d6100000,0x00000000d6100000,0x00000000e4600000)
  from space 9728K, 0% used [0x00000000e5400000,0x00000000e5400000,0x00000000e5d80000)
  to   space 10752K, 0% used [0x00000000e4880000,0x00000000e4880000,0x00000000e5300000)
 ParOldGen       total 66560K, used 13709K [0x0000000082200000, 0x0000000086300000, 0x00000000d6100000)
  object space 66560K, 20% used [0x0000000082200000,0x0000000082f637b0,0x0000000086300000)
 Metaspace       used 33771K, capacity 35310K, committed 35416K, reserved 1079296K
  class space    used 4368K, capacity 4665K, committed 4736K, reserved 1048576K
}
Event: 1769.362 GC heap before
{Heap before GC invocations=11 (full 2):
 PSYoungGen      total 244224K, used 234496K [0x00000000d6100000, 0x00000000e5d80000, 0x0000000100000000)
  eden space 234496K, 100% used [0x00000000d6100000,0x00000000e4600000,0x00000000e4600000)
  from space 9728K, 0% used [0x00000000e5400000,0x00000000e5400000,0x00000000e5d80000)
  to   space 10752K, 0% used [0x00000000e4880000,0x00000000e4880000,0x00000000e5300000)
 ParOldGen       total 66560K, used 13709K [0x0000000082200000, 0x0000000086300000, 0x00000000d6100000)
  object space 66560K, 20% used [0x0000000082200000,0x0000000082f637b0,0x0000000086300000)
 Metaspace       used 45050K, capacity 47182K, committed 47320K, reserved 1091584K
  class space    used 5676K, capacity 6051K, committed 6144K, reserved 1048576K
Event: 1769.374 GC heap after
Heap after GC invocations=11 (full 2):
 PSYoungGen      total 247808K, used 10742K [0x00000000d6100000, 0x00000000eb680000, 0x0000000100000000)
  eden space 237056K, 0% used [0x00000000d6100000,0x00000000d6100000,0x00000000e4880000)
  from space 10752K, 99% used [0x00000000e4880000,0x00000000e52fd908,0x00000000e5300000)
  to   space 13824K, 0% used [0x00000000ea900000,0x00000000ea900000,0x00000000eb680000)
 ParOldGen       total 66560K, used 18060K [0x0000000082200000, 0x0000000086300000, 0x00000000d6100000)
  object space 66560K, 27% used [0x0000000082200000,0x00000000833a3140,0x0000000086300000)
 Metaspace       used 45050K, capacity 47182K, committed 47320K, reserved 1091584K
  class space    used 5676K, capacity 6051K, committed 6144K, reserved 1048576K
}

